<?xml version="1.0" encoding="UTF-8"?>
<!-- Generated by org.testng.reporters.JUnitReportReporter -->
<testsuite hostname="ALIPL0628" name="com.chintu.TESTNGTest" tests="1" failures="0" timestamp="28 Dec 2016 14:24:18 GMT" time="50.559" errors="0">
  <testcase name="f" time="50.559" classname="com.chintu.TESTNGTest"/>
</testsuite> <!-- com.chintu.TESTNGTest -->
