<?xml version="1.0" encoding="UTF-8"?>
<!-- Generated by org.testng.reporters.JUnitReportReporter -->
<testsuite hostname="ALIPL0628" name="com.rashmi.GoogleSearchTest" tests="1" failures="0" timestamp="28 Dec 2016 13:49:11 GMT" time="9.500" errors="0">
  <testcase name="googleSearchTest" time="9.500" classname="com.rashmi.GoogleSearchTest"/>
</testsuite> <!-- com.rashmi.GoogleSearchTest -->
