<?xml version="1.0" encoding="UTF-8"?>
<!-- Generated by org.testng.reporters.JUnitReportReporter -->
<testsuite hostname="ALIPL0628" name="com.test.Login" tests="1" failures="0" timestamp="30 Dec 2016 12:23:56 GMT" time="20.131" errors="0">
  <testcase name="test" time="20.131" classname="com.test.Login"/>
</testsuite> <!-- com.test.Login -->
